2021-12-10 12:49:55,052 INFO org.hibernate.Version [restartedMain] HHH000412: Hibernate ORM core version 5.4.32.Final
2021-12-10 12:49:56,438 INFO org.hibernate.annotations.common.reflection.java.JavaReflectionManager [restartedMain] HCANN000001: Hibernate Commons Annotations {5.1.2.Final}
2021-12-10 12:49:57,628 INFO org.hibernate.dialect.Dialect [restartedMain] HHH000400: Using dialect: org.hibernate.dialect.PostgreSQL10Dialect
2021-12-10 12:50:05,081 INFO org.hibernate.engine.transaction.jta.platform.internal.JtaPlatformInitiator [restartedMain] HHH000490: Using JtaPlatform implementation: [org.hibernate.engine.transaction.jta.platform.internal.NoJtaPlatform]
2021-12-10 12:50:05,217 INFO org.springframework.orm.jpa.AbstractEntityManagerFactoryBean [restartedMain] Initialized JPA EntityManagerFactory for persistence unit 'default'
2021-12-10 12:50:10,872 WARN org.springframework.boot.autoconfigure.orm.jpa.JpaBaseConfiguration$JpaWebConfiguration [restartedMain] spring.jpa.open-in-view is enabled by default. Therefore, database queries may be performed during view rendering. Explicitly configure spring.jpa.open-in-view to disable this warning
2021-12-10 12:50:12,310 INFO org.springframework.boot.devtools.autoconfigure.OptionalLiveReloadServer [restartedMain] LiveReload server is running on port 35729
2021-12-10 12:50:13,395 INFO org.apache.juli.logging.DirectJDKLog [restartedMain] Starting ProtocolHandler ["http-nio-9081"]
2021-12-10 12:50:13,763 INFO org.springframework.boot.web.embedded.tomcat.TomcatWebServer [restartedMain] Tomcat started on port(s): 9081 (http) with context path ''
2021-12-10 12:50:16,478 INFO org.springframework.boot.StartupInfoLogger [restartedMain] Started UniversidadesRestApplication in 42.539 seconds (JVM running for 50.818)
2021-12-10 12:52:41,709 INFO org.apache.juli.logging.DirectJDKLog [http-nio-9081-exec-2] Initializing Spring DispatcherServlet 'dispatcherServlet'
2021-12-10 12:52:41,712 INFO org.springframework.web.servlet.FrameworkServlet [http-nio-9081-exec-2] Initializing Servlet 'dispatcherServlet'
2021-12-10 12:52:41,720 INFO org.springframework.web.servlet.FrameworkServlet [http-nio-9081-exec-2] Completed initialization in 6 ms
2021-12-10 12:52:41,821 WARN org.springframework.web.servlet.handler.AbstractHandlerExceptionResolver [http-nio-9081-exec-2] Resolved [org.springframework.web.HttpRequestMethodNotSupportedException: Request method 'GET' not supported]
2021-12-10 12:58:24,170 WARN org.springframework.web.servlet.handler.AbstractHandlerExceptionResolver [http-nio-9081-exec-5] Resolved [org.springframework.web.HttpRequestMethodNotSupportedException: Request method 'GET' not supported]
2021-12-10 12:58:51,197 WARN org.springframework.web.servlet.handler.AbstractHandlerExceptionResolver [http-nio-9081-exec-6] Resolved [org.springframework.web.HttpRequestMethodNotSupportedException: Request method 'POST' not supported]
2021-12-10 12:59:23,453 WARN org.springframework.web.servlet.handler.AbstractHandlerExceptionResolver [http-nio-9081-exec-7] Resolved [org.springframework.web.HttpRequestMethodNotSupportedException: Request method 'POST' not supported]
2021-12-10 12:59:50,871 WARN org.springframework.web.servlet.handler.AbstractHandlerExceptionResolver [http-nio-9081-exec-8] Resolved [org.springframework.web.HttpRequestMethodNotSupportedException: Request method 'POST' not supported]
2021-12-10 13:03:53,385 WARN org.springframework.web.servlet.handler.AbstractHandlerExceptionResolver [http-nio-9081-exec-2] Resolved [org.springframework.web.HttpRequestMethodNotSupportedException: Request method 'GET' not supported]
2021-12-10 13:04:05,184 WARN org.springframework.web.servlet.handler.AbstractHandlerExceptionResolver [http-nio-9081-exec-3] Resolved [com.ibm.academia.apirest.exceptions.NotFoundException: Pabellon con id 7 no existe]
2021-12-10 13:04:44,339 INFO org.springframework.orm.jpa.AbstractEntityManagerFactoryBean [Thread-4] Closing JPA EntityManagerFactory for persistence unit 'default'
2021-12-10 13:04:44,366 INFO com.zaxxer.hikari.HikariDataSource [Thread-4] HikariPool-1 - Shutdown initiated...
2021-12-10 13:04:44,435 INFO com.zaxxer.hikari.HikariDataSource [Thread-4] HikariPool-1 - Shutdown completed.
2021-12-10 13:04:45,212 INFO org.springframework.boot.StartupInfoLogger [restartedMain] Starting UniversidadesRestApplication using Java 11.0.12 on LAPTOP-BJNH6314 with PID 24300 (C:\Users\omar_\OneDrive\Documentos\9 semestre servicio\UniversidadesREST\target\classes started by omar_ in C:\Users\omar_\OneDrive\Documentos\9 semestre servicio\UniversidadesREST)
2021-12-10 13:04:45,215 INFO org.springframework.boot.SpringApplication [restartedMain] No active profile set, falling back to default profiles: default
2021-12-10 13:04:47,842 INFO org.springframework.data.repository.config.RepositoryConfigurationDelegate [restartedMain] Bootstrapping Spring Data JPA repositories in DEFAULT mode.
2021-12-10 13:04:48,096 INFO org.springframework.data.repository.config.RepositoryConfigurationDelegate [restartedMain] Finished Spring Data repository scanning in 251 ms. Found 6 JPA repository interfaces.
2021-12-10 13:04:48,772 INFO org.springframework.boot.web.embedded.tomcat.TomcatWebServer [restartedMain] Tomcat initialized with port(s): 9081 (http)
2021-12-10 13:04:48,776 INFO org.apache.juli.logging.DirectJDKLog [restartedMain] Initializing ProtocolHandler ["http-nio-9081"]
2021-12-10 13:04:48,779 INFO org.apache.juli.logging.DirectJDKLog [restartedMain] Starting service [Tomcat]
2021-12-10 13:04:48,781 INFO org.apache.juli.logging.DirectJDKLog [restartedMain] Starting Servlet engine: [Apache Tomcat/9.0.55]
2021-12-10 13:04:48,998 INFO org.apache.juli.logging.DirectJDKLog [restartedMain] Initializing Spring embedded WebApplicationContext
2021-12-10 13:04:48,999 INFO org.springframework.boot.web.servlet.context.ServletWebServerApplicationContext [restartedMain] Root WebApplicationContext: initialization completed in 3759 ms
2021-12-10 13:04:49,056 INFO com.zaxxer.hikari.HikariDataSource [restartedMain] HikariPool-2 - Starting...
2021-12-10 13:04:49,275 INFO com.zaxxer.hikari.HikariDataSource [restartedMain] HikariPool-2 - Start completed.
2021-12-10 13:04:49,277 INFO org.springframework.boot.autoconfigure.h2.H2ConsoleAutoConfiguration [restartedMain] H2 console available at '/h2-console'. Database available at 'jdbc:postgresql://localhost:5432/universidad'
2021-12-10 13:04:49,509 INFO org.hibernate.jpa.internal.util.LogHelper [restartedMain] HHH000204: Processing PersistenceUnitInfo [name: default]
2021-12-10 13:04:49,571 INFO org.hibernate.dialect.Dialect [restartedMain] HHH000400: Using dialect: org.hibernate.dialect.PostgreSQL10Dialect
2021-12-10 13:04:50,937 INFO org.hibernate.engine.transaction.jta.platform.internal.JtaPlatformInitiator [restartedMain] HHH000490: Using JtaPlatform implementation: [org.hibernate.engine.transaction.jta.platform.internal.NoJtaPlatform]
2021-12-10 13:04:50,939 INFO org.springframework.orm.jpa.AbstractEntityManagerFactoryBean [restartedMain] Initialized JPA EntityManagerFactory for persistence unit 'default'
2021-12-10 13:04:52,742 WARN org.springframework.boot.autoconfigure.orm.jpa.JpaBaseConfiguration$JpaWebConfiguration [restartedMain] spring.jpa.open-in-view is enabled by default. Therefore, database queries may be performed during view rendering. Explicitly configure spring.jpa.open-in-view to disable this warning
2021-12-10 13:04:53,139 INFO org.springframework.boot.devtools.autoconfigure.OptionalLiveReloadServer [restartedMain] LiveReload server is running on port 35729
2021-12-10 13:04:53,580 INFO org.apache.juli.logging.DirectJDKLog [restartedMain] Starting ProtocolHandler ["http-nio-9081"]
2021-12-10 13:04:53,591 INFO org.springframework.boot.web.embedded.tomcat.TomcatWebServer [restartedMain] Tomcat started on port(s): 9081 (http) with context path ''
2021-12-10 13:04:54,458 INFO org.springframework.boot.StartupInfoLogger [restartedMain] Started UniversidadesRestApplication in 9.517 seconds (JVM running for 928.799)
2021-12-10 13:04:54,470 INFO org.springframework.boot.devtools.autoconfigure.ConditionEvaluationDeltaLoggingListener [restartedMain] Condition evaluation unchanged
2021-12-10 13:08:53,780 INFO org.springframework.boot.admin.SpringApplicationAdminMXBeanRegistrar$SpringApplicationAdmin [RMI TCP Connection(31)-127.0.0.1] Application shutdown requested.
2021-12-10 13:08:54,826 INFO org.springframework.orm.jpa.AbstractEntityManagerFactoryBean [RMI TCP Connection(31)-127.0.0.1] Closing JPA EntityManagerFactory for persistence unit 'default'
2021-12-10 13:08:54,832 INFO com.zaxxer.hikari.HikariDataSource [RMI TCP Connection(31)-127.0.0.1] HikariPool-2 - Shutdown initiated...
2021-12-10 13:08:54,874 INFO com.zaxxer.hikari.HikariDataSource [RMI TCP Connection(31)-127.0.0.1] HikariPool-2 - Shutdown completed.
2021-12-10 13:27:05,139 INFO org.hibernate.validator.internal.util.Version [background-preinit] HV000001: Hibernate Validator 6.2.0.Final
2021-12-10 13:27:05,186 INFO org.springframework.boot.StartupInfoLogger [restartedMain] Starting UniversidadesRestApplication using Java 11.0.12 on LAPTOP-BJNH6314 with PID 21456 (C:\Users\omar_\OneDrive\Documentos\9 semestre servicio\UniversidadesREST\target\classes started by omar_ in C:\Users\omar_\OneDrive\Documentos\9 semestre servicio\UniversidadesREST)
2021-12-10 13:27:05,191 INFO org.springframework.boot.SpringApplication [restartedMain] No active profile set, falling back to default profiles: default
2021-12-10 13:27:05,472 INFO org.springframework.boot.logging.DeferredLog [restartedMain] Devtools property defaults active! Set 'spring.devtools.add-properties' to 'false' to disable
2021-12-10 13:27:05,474 INFO org.springframework.boot.logging.DeferredLog [restartedMain] For additional web related logging consider setting the 'logging.level.web' property to 'DEBUG'
2021-12-10 13:27:12,072 INFO org.springframework.data.repository.config.RepositoryConfigurationDelegate [restartedMain] Bootstrapping Spring Data JPA repositories in DEFAULT mode.
2021-12-10 13:27:12,531 INFO org.springframework.data.repository.config.RepositoryConfigurationDelegate [restartedMain] Finished Spring Data repository scanning in 414 ms. Found 6 JPA repository interfaces.
2021-12-10 13:27:33,809 INFO org.springframework.boot.StartupInfoLogger [restartedMain] Starting UniversidadesRestApplication using Java 11.0.12 on LAPTOP-BJNH6314 with PID 16496 (C:\Users\omar_\OneDrive\Documentos\9 semestre servicio\UniversidadesREST\target\classes started by omar_ in C:\Users\omar_\OneDrive\Documentos\9 semestre servicio\UniversidadesREST)
2021-12-10 13:27:33,771 INFO org.hibernate.validator.internal.util.Version [background-preinit] HV000001: Hibernate Validator 6.2.0.Final
2021-12-10 13:27:33,814 INFO org.springframework.boot.SpringApplication [restartedMain] No active profile set, falling back to default profiles: default
2021-12-10 13:27:34,055 INFO org.springframework.boot.logging.DeferredLog [restartedMain] Devtools property defaults active! Set 'spring.devtools.add-properties' to 'false' to disable
2021-12-10 13:27:34,056 INFO org.springframework.boot.logging.DeferredLog [restartedMain] For additional web related logging consider setting the 'logging.level.web' property to 'DEBUG'
